<?xml version="1.0" encoding="UTF-8"?>
<!-- Generated by org.testng.reporters.JUnitReportReporter -->
<testsuite hostname="msi" failures="0" tests="1" name="tc_Repo.Ad_01" time="5.494" errors="0" timestamp="2024-05-16T09:59:47 IST" skipped="0">
  <testcase classname="tc_Repo.Ad_01" name="Adminmodule" time="5.494"/>
  <system-out/>
</testsuite> <!-- tc_Repo.Ad_01 -->
